2024-10-01 22:07:21,757 Running colabfold 1.5.5 (4e198f5cecc6a808daa6baf7441899e5e76f7b9e)
2024-10-01 22:07:22,121 WARNING: no GPU detected, will be using CPU
2024-10-01 22:07:24,463 Found 6 citations for tools or databases
2024-10-01 22:07:24,464 Query 1/1: isoform (length 260)
2024-10-01 22:07:25,597 Sleeping for 6s. Reason: PENDING
2024-10-01 22:07:32,328 Sleeping for 9s. Reason: RUNNING
2024-10-01 22:07:42,077 Sleeping for 9s. Reason: RUNNING
2024-10-01 22:07:51,807 Sleeping for 5s. Reason: RUNNING
2024-10-01 22:07:57,584 Sleeping for 6s. Reason: RUNNING
2024-10-01 22:08:04,279 Sleeping for 5s. Reason: RUNNING
2024-10-01 22:08:10,024 Sleeping for 8s. Reason: RUNNING
2024-10-01 22:08:18,742 Sleeping for 6s. Reason: RUNNING
2024-10-01 22:08:29,455 Setting max_seq=512, max_extra_seq=5120
2024-10-01 22:13:25,444 alphafold2_ptm_model_1_seed_000 recycle=0 pLDDT=94.9 pTM=0.918
2024-10-01 22:17:50,531 alphafold2_ptm_model_1_seed_000 recycle=1 pLDDT=96.5 pTM=0.929 tol=0.4
2024-10-01 22:22:15,661 alphafold2_ptm_model_1_seed_000 recycle=2 pLDDT=96.8 pTM=0.93 tol=0.106
2024-10-01 22:26:40,251 alphafold2_ptm_model_1_seed_000 recycle=3 pLDDT=96.8 pTM=0.93 tol=0.0445
2024-10-01 22:26:40,252 alphafold2_ptm_model_1_seed_000 took 1070.3s (3 recycles)
2024-10-01 22:26:40,323 reranking models by 'plddt' metric
2024-10-01 22:26:43,712 Warning: importing 'simtk.openmm' is deprecated.  Import 'openmm' instead.
2024-10-01 22:27:12,068 Relaxation took 31.7s
2024-10-01 22:27:12,069 rank_001_alphafold2_ptm_model_1_seed_000 pLDDT=96.8 pTM=0.93
2024-10-01 22:27:12,767 Done
