2024-10-01 20:37:56,734 Running colabfold 1.5.5 (4e198f5cecc6a808daa6baf7441899e5e76f7b9e)
2024-10-01 20:37:57,107 WARNING: no GPU detected, will be using CPU
2024-10-01 20:37:59,617 Found 6 citations for tools or databases
2024-10-01 20:37:59,617 Query 1/1: isoform (length 260)
2024-10-01 20:38:00,476 Sleeping for 7s. Reason: PENDING
2024-10-01 20:38:08,216 Sleeping for 9s. Reason: RUNNING
2024-10-01 20:38:17,924 Sleeping for 7s. Reason: RUNNING
2024-10-01 20:38:25,659 Sleeping for 10s. Reason: RUNNING
2024-10-01 20:38:36,545 Sleeping for 9s. Reason: RUNNING
2024-10-01 20:38:46,261 Sleeping for 6s. Reason: RUNNING
2024-10-01 20:38:53,015 Sleeping for 10s. Reason: RUNNING
2024-10-01 20:39:07,577 Setting max_seq=512, max_extra_seq=5120
2024-10-01 20:44:04,790 alphafold2_ptm_model_1_seed_000 recycle=0 pLDDT=95.2 pTM=0.921
2024-10-01 20:48:32,787 alphafold2_ptm_model_1_seed_000 recycle=1 pLDDT=96.5 pTM=0.93 tol=0.346
2024-10-01 20:53:01,966 alphafold2_ptm_model_1_seed_000 recycle=2 pLDDT=96.7 pTM=0.931 tol=0.0938
2024-10-01 20:57:28,915 alphafold2_ptm_model_1_seed_000 recycle=3 pLDDT=96.8 pTM=0.931 tol=0.0323
2024-10-01 20:57:28,916 alphafold2_ptm_model_1_seed_000 took 1080.7s (3 recycles)
2024-10-01 20:57:28,989 reranking models by 'plddt' metric
2024-10-01 20:57:32,462 Warning: importing 'simtk.openmm' is deprecated.  Import 'openmm' instead.
2024-10-01 20:58:02,347 Relaxation took 33.4s
2024-10-01 20:58:02,348 rank_001_alphafold2_ptm_model_1_seed_000 pLDDT=96.8 pTM=0.931
2024-10-01 20:58:02,926 Done
