2024-10-01 10:10:24,631 Running colabfold 1.5.5 (4e198f5cecc6a808daa6baf7441899e5e76f7b9e)
2024-10-01 10:10:25,028 WARNING: no GPU detected, will be using CPU
2024-10-01 10:10:27,400 Found 6 citations for tools or databases
2024-10-01 10:10:27,400 Query 1/1: isoform (length 260)
2024-10-01 10:10:28,299 Sleeping for 7s. Reason: PENDING
2024-10-01 10:10:36,037 Sleeping for 9s. Reason: RUNNING
2024-10-01 10:10:45,762 Sleeping for 8s. Reason: RUNNING
2024-10-01 10:10:54,489 Sleeping for 6s. Reason: RUNNING
2024-10-01 10:11:01,382 Sleeping for 6s. Reason: RUNNING
2024-10-01 10:11:08,089 Sleeping for 6s. Reason: RUNNING
2024-10-01 10:11:14,806 Sleeping for 10s. Reason: RUNNING
2024-10-01 10:11:28,890 Setting max_seq=512, max_extra_seq=5120
2024-10-01 10:16:26,624 alphafold2_ptm_model_1_seed_000 recycle=0 pLDDT=94.5 pTM=0.918
2024-10-01 10:20:54,196 alphafold2_ptm_model_1_seed_000 recycle=1 pLDDT=96.2 pTM=0.927 tol=0.782
2024-10-01 10:25:21,418 alphafold2_ptm_model_1_seed_000 recycle=2 pLDDT=96.6 pTM=0.929 tol=0.187
2024-10-01 10:29:47,121 alphafold2_ptm_model_1_seed_000 recycle=3 pLDDT=96.7 pTM=0.93 tol=0.0532
2024-10-01 10:29:47,122 alphafold2_ptm_model_1_seed_000 took 1077.8s (3 recycles)
2024-10-01 10:29:47,195 reranking models by 'plddt' metric
2024-10-01 10:29:50,766 Warning: importing 'simtk.openmm' is deprecated.  Import 'openmm' instead.
2024-10-01 10:30:20,309 Relaxation took 33.1s
2024-10-01 10:30:20,310 rank_001_alphafold2_ptm_model_1_seed_000 pLDDT=96.7 pTM=0.93
2024-10-01 10:30:20,959 Done
