2024-10-02 03:24:32,547 Running colabfold 1.5.5 (4e198f5cecc6a808daa6baf7441899e5e76f7b9e)
2024-10-02 03:24:32,825 WARNING: no GPU detected, will be using CPU
2024-10-02 03:24:35,100 Found 6 citations for tools or databases
2024-10-02 03:24:35,101 Query 1/1: isoform (length 6)
2024-10-02 03:24:41,278 Timeout while submitting to MSA server. Retrying...
2024-10-02 03:24:47,312 Timeout while submitting to MSA server. Retrying...
2024-10-02 03:24:53,347 Timeout while submitting to MSA server. Retrying...
2024-10-02 03:24:59,380 Timeout while submitting to MSA server. Retrying...
2024-10-02 03:25:05,411 Timeout while submitting to MSA server. Retrying...
2024-10-02 03:25:11,492 Timeout while submitting to MSA server. Retrying...
2024-10-02 03:25:17,526 Timeout while submitting to MSA server. Retrying...
2024-10-02 03:25:23,560 Timeout while submitting to MSA server. Retrying...
2024-10-02 03:25:29,593 Timeout while submitting to MSA server. Retrying...
2024-10-02 03:25:35,626 Timeout while submitting to MSA server. Retrying...
2024-10-02 03:25:42,958 Timeout while submitting to MSA server. Retrying...
2024-10-02 03:25:48,991 Timeout while submitting to MSA server. Retrying...
2024-10-02 03:25:55,024 Timeout while submitting to MSA server. Retrying...
2024-10-02 03:26:01,058 Timeout while submitting to MSA server. Retrying...
2024-10-02 03:26:07,097 Timeout while submitting to MSA server. Retrying...
2024-10-02 03:26:13,186 Timeout while submitting to MSA server. Retrying...
2024-10-02 03:26:19,220 Timeout while submitting to MSA server. Retrying...
2024-10-02 03:26:23,142 Sleeping for 5s. Reason: PENDING
2024-10-02 03:26:30,494 Setting max_seq=2, max_extra_seq=1
2024-10-02 03:26:56,956 alphafold2_ptm_model_1_seed_000 recycle=0 pLDDT=76 pTM=0.0641
2024-10-02 03:26:57,134 alphafold2_ptm_model_1_seed_000 recycle=1 pLDDT=66.1 pTM=0.0616 tol=0.979
2024-10-02 03:26:57,315 alphafold2_ptm_model_1_seed_000 recycle=2 pLDDT=56.2 pTM=0.0595 tol=2.35
2024-10-02 03:26:57,500 alphafold2_ptm_model_1_seed_000 recycle=3 pLDDT=50.4 pTM=0.0576 tol=23.9
2024-10-02 03:26:57,500 alphafold2_ptm_model_1_seed_000 took 9.9s (3 recycles)
2024-10-02 03:26:57,505 reranking models by 'plddt' metric
2024-10-02 03:27:00,758 Warning: importing 'simtk.openmm' is deprecated.  Import 'openmm' instead.
2024-10-02 03:27:11,066 Relaxation took 13.6s
2024-10-02 03:27:11,066 rank_001_alphafold2_ptm_model_1_seed_000 pLDDT=50.4 pTM=0.0576
2024-10-02 03:27:11,777 Done
