2024-10-01 09:48:54,863 Running colabfold 1.5.5 (4e198f5cecc6a808daa6baf7441899e5e76f7b9e)
2024-10-01 09:48:55,181 WARNING: no GPU detected, will be using CPU
2024-10-01 09:48:57,552 Found 6 citations for tools or databases
2024-10-01 09:48:57,552 Query 1/1: isoform (length 260)
2024-10-01 09:48:58,447 Sleeping for 7s. Reason: PENDING
2024-10-01 09:49:06,151 Sleeping for 5s. Reason: RUNNING
2024-10-01 09:49:11,873 Sleeping for 8s. Reason: RUNNING
2024-10-01 09:49:20,608 Sleeping for 10s. Reason: RUNNING
2024-10-01 09:49:31,491 Sleeping for 7s. Reason: RUNNING
2024-10-01 09:49:39,213 Sleeping for 6s. Reason: RUNNING
2024-10-01 09:49:45,923 Sleeping for 8s. Reason: RUNNING
2024-10-01 09:49:54,645 Sleeping for 7s. Reason: RUNNING
2024-10-01 09:50:02,433 Sleeping for 10s. Reason: RUNNING
2024-10-01 09:50:13,150 Sleeping for 10s. Reason: RUNNING
2024-10-01 09:50:27,139 Setting max_seq=512, max_extra_seq=5120
2024-10-01 09:55:28,401 alphafold2_ptm_model_1_seed_000 recycle=0 pLDDT=94.8 pTM=0.919
2024-10-01 09:59:58,902 alphafold2_ptm_model_1_seed_000 recycle=1 pLDDT=96.5 pTM=0.93 tol=0.298
2024-10-01 10:04:29,507 alphafold2_ptm_model_1_seed_000 recycle=2 pLDDT=96.8 pTM=0.93 tol=0.0976
2024-10-01 10:08:57,897 alphafold2_ptm_model_1_seed_000 recycle=3 pLDDT=96.8 pTM=0.931 tol=0.0533
2024-10-01 10:08:57,898 alphafold2_ptm_model_1_seed_000 took 1090.0s (3 recycles)
2024-10-01 10:08:57,988 reranking models by 'plddt' metric
2024-10-01 10:09:01,261 Warning: importing 'simtk.openmm' is deprecated.  Import 'openmm' instead.
2024-10-01 10:09:32,750 Relaxation took 34.8s
2024-10-01 10:09:32,752 rank_001_alphafold2_ptm_model_1_seed_000 pLDDT=96.8 pTM=0.931
2024-10-01 10:09:33,317 Done
