2024-10-01 12:56:33,776 Running colabfold 1.5.5 (4e198f5cecc6a808daa6baf7441899e5e76f7b9e)
2024-10-01 12:56:34,060 WARNING: no GPU detected, will be using CPU
2024-10-01 12:56:36,234 Found 6 citations for tools or databases
2024-10-01 12:56:36,234 Query 1/1: isoform (length 260)
2024-10-01 12:56:37,145 Sleeping for 10s. Reason: PENDING
2024-10-01 12:56:47,857 Sleeping for 6s. Reason: RUNNING
2024-10-01 12:56:54,572 Sleeping for 10s. Reason: RUNNING
2024-10-01 12:57:05,284 Sleeping for 10s. Reason: RUNNING
2024-10-01 12:57:16,079 Sleeping for 8s. Reason: RUNNING
2024-10-01 12:57:28,578 Setting max_seq=512, max_extra_seq=5120
2024-10-01 13:02:21,341 alphafold2_ptm_model_1_seed_000 recycle=0 pLDDT=94.9 pTM=0.92
2024-10-01 13:06:46,681 alphafold2_ptm_model_1_seed_000 recycle=1 pLDDT=96.2 pTM=0.929 tol=0.38
2024-10-01 13:11:12,483 alphafold2_ptm_model_1_seed_000 recycle=2 pLDDT=96.4 pTM=0.93 tol=0.0919
2024-10-01 13:15:38,688 alphafold2_ptm_model_1_seed_000 recycle=3 pLDDT=96.6 pTM=0.931 tol=0.0386
2024-10-01 13:15:38,689 alphafold2_ptm_model_1_seed_000 took 1072.1s (3 recycles)
2024-10-01 13:15:38,763 reranking models by 'plddt' metric
2024-10-01 13:15:41,992 Warning: importing 'simtk.openmm' is deprecated.  Import 'openmm' instead.
2024-10-01 13:16:09,380 Relaxation took 30.6s
2024-10-01 13:16:09,381 rank_001_alphafold2_ptm_model_1_seed_000 pLDDT=96.6 pTM=0.931
2024-10-01 13:16:10,112 Done
