2024-10-01 15:06:30,099 Running colabfold 1.5.5 (4e198f5cecc6a808daa6baf7441899e5e76f7b9e)
2024-10-01 15:06:30,421 WARNING: no GPU detected, will be using CPU
2024-10-01 15:06:32,785 Found 6 citations for tools or databases
2024-10-01 15:06:32,785 Query 1/1: isoform (length 260)
2024-10-01 15:06:33,600 Sleeping for 6s. Reason: PENDING
2024-10-01 15:06:40,333 Sleeping for 7s. Reason: RUNNING
2024-10-01 15:06:48,021 Sleeping for 10s. Reason: RUNNING
2024-10-01 15:06:58,739 Sleeping for 8s. Reason: RUNNING
2024-10-01 15:07:07,654 Sleeping for 10s. Reason: RUNNING
2024-10-01 15:07:18,379 Sleeping for 7s. Reason: RUNNING
2024-10-01 15:07:26,116 Sleeping for 6s. Reason: RUNNING
2024-10-01 15:07:32,827 Sleeping for 8s. Reason: RUNNING
2024-10-01 15:07:41,621 Sleeping for 8s. Reason: RUNNING
2024-10-01 15:07:50,332 Sleeping for 6s. Reason: RUNNING
2024-10-01 15:07:57,065 Sleeping for 5s. Reason: RUNNING
2024-10-01 15:08:02,771 Sleeping for 10s. Reason: RUNNING
2024-10-01 15:08:17,576 Setting max_seq=512, max_extra_seq=5120
2024-10-01 15:13:12,214 alphafold2_ptm_model_1_seed_000 recycle=0 pLDDT=95.3 pTM=0.921
2024-10-01 15:17:39,650 alphafold2_ptm_model_1_seed_000 recycle=1 pLDDT=96.4 pTM=0.928 tol=0.894
2024-10-01 15:22:05,504 alphafold2_ptm_model_1_seed_000 recycle=2 pLDDT=96.1 pTM=0.927 tol=0.225
2024-10-01 15:26:31,148 alphafold2_ptm_model_1_seed_000 recycle=3 pLDDT=96.6 pTM=0.93 tol=0.315
2024-10-01 15:26:31,149 alphafold2_ptm_model_1_seed_000 took 1074.3s (3 recycles)
2024-10-01 15:26:31,222 reranking models by 'plddt' metric
2024-10-01 15:26:34,802 Warning: importing 'simtk.openmm' is deprecated.  Import 'openmm' instead.
2024-10-01 15:27:11,233 Relaxation took 40.0s
2024-10-01 15:27:11,234 rank_001_alphafold2_ptm_model_1_seed_000 pLDDT=96.6 pTM=0.93
2024-10-01 15:27:11,917 Done
