2024-10-02 00:06:02,175 Running colabfold 1.5.5 (4e198f5cecc6a808daa6baf7441899e5e76f7b9e)
2024-10-02 00:06:02,517 WARNING: no GPU detected, will be using CPU
2024-10-02 00:06:06,810 Found 6 citations for tools or databases
2024-10-02 00:06:06,811 Query 1/1: isoform (length 260)
2024-10-02 00:06:07,708 Sleeping for 8s. Reason: PENDING
2024-10-02 00:06:16,409 Sleeping for 9s. Reason: RUNNING
2024-10-02 00:06:26,120 Sleeping for 9s. Reason: RUNNING
2024-10-02 00:06:35,840 Sleeping for 5s. Reason: RUNNING
2024-10-02 00:06:41,632 Sleeping for 9s. Reason: RUNNING
2024-10-02 00:06:51,364 Sleeping for 9s. Reason: RUNNING
2024-10-02 00:07:05,009 Setting max_seq=512, max_extra_seq=5120
2024-10-02 00:11:58,659 alphafold2_ptm_model_1_seed_000 recycle=0 pLDDT=94.9 pTM=0.92
2024-10-02 00:16:23,758 alphafold2_ptm_model_1_seed_000 recycle=1 pLDDT=95.9 pTM=0.927 tol=0.539
2024-10-02 00:20:47,549 alphafold2_ptm_model_1_seed_000 recycle=2 pLDDT=96.6 pTM=0.93 tol=0.157
2024-10-02 00:25:12,311 alphafold2_ptm_model_1_seed_000 recycle=3 pLDDT=96.8 pTM=0.93 tol=0.0403
2024-10-02 00:25:12,312 alphafold2_ptm_model_1_seed_000 took 1067.8s (3 recycles)
2024-10-02 00:25:12,413 reranking models by 'plddt' metric
2024-10-02 00:25:15,866 Warning: importing 'simtk.openmm' is deprecated.  Import 'openmm' instead.
2024-10-02 00:25:45,071 Relaxation took 32.7s
2024-10-02 00:25:45,071 rank_001_alphafold2_ptm_model_1_seed_000 pLDDT=96.8 pTM=0.93
2024-10-02 00:25:45,729 Done
