2024-10-01 02:18:43,468 Running colabfold 1.5.5 (4e198f5cecc6a808daa6baf7441899e5e76f7b9e)
2024-10-01 02:18:43,781 WARNING: no GPU detected, will be using CPU
2024-10-01 02:18:46,014 Found 6 citations for tools or databases
2024-10-01 02:18:46,014 Query 1/1: isoform (length 260)
2024-10-01 02:18:46,943 Sleeping for 10s. Reason: PENDING
2024-10-01 02:18:57,662 Sleeping for 7s. Reason: RUNNING
2024-10-01 02:19:05,384 Sleeping for 10s. Reason: RUNNING
2024-10-01 02:19:19,240 Sleeping for 7s. Reason: RUNNING
2024-10-01 02:19:27,035 Sleeping for 10s. Reason: RUNNING
2024-10-01 02:19:41,841 Setting max_seq=512, max_extra_seq=5120
2024-10-01 02:24:38,814 alphafold2_ptm_model_1_seed_000 recycle=0 pLDDT=95.5 pTM=0.922
2024-10-01 02:29:06,136 alphafold2_ptm_model_1_seed_000 recycle=1 pLDDT=96.6 pTM=0.929 tol=0.25
2024-10-01 02:33:33,146 alphafold2_ptm_model_1_seed_000 recycle=2 pLDDT=96.5 pTM=0.928 tol=0.0939
2024-10-01 02:38:00,721 alphafold2_ptm_model_1_seed_000 recycle=3 pLDDT=96.5 pTM=0.928 tol=0.042
2024-10-01 02:38:00,721 alphafold2_ptm_model_1_seed_000 took 1078.3s (3 recycles)
2024-10-01 02:38:00,795 reranking models by 'plddt' metric
2024-10-01 02:38:04,266 Warning: importing 'simtk.openmm' is deprecated.  Import 'openmm' instead.
2024-10-01 02:38:32,896 Relaxation took 32.1s
2024-10-01 02:38:32,897 rank_001_alphafold2_ptm_model_1_seed_000 pLDDT=96.5 pTM=0.928
2024-10-01 02:38:33,520 Done
