2024-10-01 15:42:15,834 Running colabfold 1.5.5 (4e198f5cecc6a808daa6baf7441899e5e76f7b9e)
2024-10-01 15:42:16,217 WARNING: no GPU detected, will be using CPU
2024-10-01 15:42:18,517 Found 6 citations for tools or databases
2024-10-01 15:42:18,518 Query 1/1: isoform (length 260)
2024-10-01 15:42:19,419 Sleeping for 8s. Reason: PENDING
2024-10-01 15:42:28,118 Sleeping for 7s. Reason: RUNNING
2024-10-01 15:42:35,899 Sleeping for 10s. Reason: RUNNING
2024-10-01 15:42:46,663 Sleeping for 9s. Reason: RUNNING
2024-10-01 15:42:56,444 Sleeping for 9s. Reason: RUNNING
2024-10-01 15:43:06,180 Sleeping for 5s. Reason: RUNNING
2024-10-01 15:43:11,919 Sleeping for 9s. Reason: RUNNING
2024-10-01 15:43:21,647 Sleeping for 9s. Reason: RUNNING
2024-10-01 15:43:35,275 Setting max_seq=512, max_extra_seq=5120
2024-10-01 15:48:24,899 alphafold2_ptm_model_1_seed_000 recycle=0 pLDDT=94.9 pTM=0.918
2024-10-01 15:52:49,626 alphafold2_ptm_model_1_seed_000 recycle=1 pLDDT=96.2 pTM=0.929 tol=0.496
2024-10-01 15:57:13,539 alphafold2_ptm_model_1_seed_000 recycle=2 pLDDT=96.6 pTM=0.93 tol=0.111
2024-10-01 16:01:35,495 alphafold2_ptm_model_1_seed_000 recycle=3 pLDDT=96.8 pTM=0.93 tol=0.0435
2024-10-01 16:01:35,496 alphafold2_ptm_model_1_seed_000 took 1063.6s (3 recycles)
2024-10-01 16:01:35,566 reranking models by 'plddt' metric
2024-10-01 16:01:39,075 Warning: importing 'simtk.openmm' is deprecated.  Import 'openmm' instead.
2024-10-01 16:02:09,590 Relaxation took 34.0s
2024-10-01 16:02:09,590 rank_001_alphafold2_ptm_model_1_seed_000 pLDDT=96.8 pTM=0.93
2024-10-01 16:02:10,212 Done
