2024-10-01 22:48:39,065 Running colabfold 1.5.5 (4e198f5cecc6a808daa6baf7441899e5e76f7b9e)
2024-10-01 22:48:39,382 WARNING: no GPU detected, will be using CPU
2024-10-01 22:48:41,704 Found 6 citations for tools or databases
2024-10-01 22:48:41,704 Query 1/1: isoform (length 260)
2024-10-01 22:48:42,601 Sleeping for 10s. Reason: PENDING
2024-10-01 22:48:53,325 Sleeping for 7s. Reason: RUNNING
2024-10-01 22:49:01,035 Sleeping for 10s. Reason: RUNNING
2024-10-01 22:49:11,902 Sleeping for 8s. Reason: RUNNING
2024-10-01 22:49:20,633 Sleeping for 8s. Reason: RUNNING
2024-10-01 22:49:29,366 Sleeping for 7s. Reason: RUNNING
2024-10-01 22:49:37,074 Sleeping for 10s. Reason: RUNNING
2024-10-01 22:49:47,929 Sleeping for 9s. Reason: RUNNING
2024-10-01 22:49:57,670 Sleeping for 9s. Reason: RUNNING
2024-10-01 22:50:11,240 Setting max_seq=512, max_extra_seq=5120
2024-10-01 22:55:06,475 alphafold2_ptm_model_1_seed_000 recycle=0 pLDDT=94.5 pTM=0.918
2024-10-01 22:59:33,119 alphafold2_ptm_model_1_seed_000 recycle=1 pLDDT=96.4 pTM=0.929 tol=0.414
2024-10-01 23:03:58,394 alphafold2_ptm_model_1_seed_000 recycle=2 pLDDT=96.8 pTM=0.93 tol=0.101
2024-10-01 23:08:23,717 alphafold2_ptm_model_1_seed_000 recycle=3 pLDDT=96.8 pTM=0.931 tol=0.042
2024-10-01 23:08:23,717 alphafold2_ptm_model_1_seed_000 took 1072.6s (3 recycles)
2024-10-01 23:08:23,795 reranking models by 'plddt' metric
2024-10-01 23:08:27,136 Warning: importing 'simtk.openmm' is deprecated.  Import 'openmm' instead.
2024-10-01 23:08:57,504 Relaxation took 33.7s
2024-10-01 23:08:57,505 rank_001_alphafold2_ptm_model_1_seed_000 pLDDT=96.8 pTM=0.931
2024-10-01 23:08:58,196 Done
