2024-10-01 14:46:09,588 Running colabfold 1.5.5 (4e198f5cecc6a808daa6baf7441899e5e76f7b9e)
2024-10-01 14:46:09,930 WARNING: no GPU detected, will be using CPU
2024-10-01 14:46:12,270 Found 6 citations for tools or databases
2024-10-01 14:46:12,270 Query 1/1: isoform (length 260)
2024-10-01 14:46:13,154 Sleeping for 9s. Reason: PENDING
2024-10-01 14:46:22,913 Sleeping for 6s. Reason: RUNNING
2024-10-01 14:46:29,627 Sleeping for 5s. Reason: RUNNING
2024-10-01 14:46:35,344 Sleeping for 10s. Reason: RUNNING
2024-10-01 14:46:46,156 Sleeping for 10s. Reason: RUNNING
2024-10-01 14:46:56,903 Sleeping for 9s. Reason: RUNNING
2024-10-01 14:47:10,473 Setting max_seq=512, max_extra_seq=5120
2024-10-01 14:52:01,323 alphafold2_ptm_model_1_seed_000 recycle=0 pLDDT=95.2 pTM=0.921
2024-10-01 14:56:24,555 alphafold2_ptm_model_1_seed_000 recycle=1 pLDDT=96.4 pTM=0.929 tol=0.463
2024-10-01 15:00:50,997 alphafold2_ptm_model_1_seed_000 recycle=2 pLDDT=96.8 pTM=0.931 tol=0.109
2024-10-01 15:05:15,350 alphafold2_ptm_model_1_seed_000 recycle=3 pLDDT=96.8 pTM=0.931 tol=0.0641
2024-10-01 15:05:15,351 alphafold2_ptm_model_1_seed_000 took 1067.1s (3 recycles)
2024-10-01 15:05:15,425 reranking models by 'plddt' metric
2024-10-01 15:05:18,750 Warning: importing 'simtk.openmm' is deprecated.  Import 'openmm' instead.
2024-10-01 15:05:42,136 Relaxation took 26.7s
2024-10-01 15:05:42,137 rank_001_alphafold2_ptm_model_1_seed_000 pLDDT=96.8 pTM=0.931
2024-10-01 15:05:42,789 Done
