2024-10-01 16:03:01,573 Running colabfold 1.5.5 (4e198f5cecc6a808daa6baf7441899e5e76f7b9e)
2024-10-01 16:03:01,905 WARNING: no GPU detected, will be using CPU
2024-10-01 16:03:04,230 Found 6 citations for tools or databases
2024-10-01 16:03:04,230 Query 1/1: isoform (length 260)
2024-10-01 16:03:05,143 Sleeping for 10s. Reason: PENDING
2024-10-01 16:03:15,862 Sleeping for 6s. Reason: RUNNING
2024-10-01 16:03:22,606 Sleeping for 9s. Reason: RUNNING
2024-10-01 16:03:32,354 Sleeping for 9s. Reason: RUNNING
2024-10-01 16:03:42,188 Sleeping for 6s. Reason: RUNNING
2024-10-01 16:03:48,922 Sleeping for 8s. Reason: RUNNING
2024-10-01 16:03:57,684 Sleeping for 7s. Reason: RUNNING
2024-10-01 16:04:05,396 Sleeping for 6s. Reason: RUNNING
2024-10-01 16:04:16,104 Setting max_seq=512, max_extra_seq=5120
2024-10-01 16:09:12,596 alphafold2_ptm_model_1_seed_000 recycle=0 pLDDT=95.2 pTM=0.92
2024-10-01 16:13:38,796 alphafold2_ptm_model_1_seed_000 recycle=1 pLDDT=95.9 pTM=0.927 tol=0.765
2024-10-01 16:18:02,895 alphafold2_ptm_model_1_seed_000 recycle=2 pLDDT=96.6 pTM=0.93 tol=0.198
2024-10-01 16:22:26,943 alphafold2_ptm_model_1_seed_000 recycle=3 pLDDT=96.8 pTM=0.93 tol=0.05
2024-10-01 16:22:26,944 alphafold2_ptm_model_1_seed_000 took 1070.1s (3 recycles)
2024-10-01 16:22:27,020 reranking models by 'plddt' metric
2024-10-01 16:22:30,217 Warning: importing 'simtk.openmm' is deprecated.  Import 'openmm' instead.
2024-10-01 16:22:59,111 Relaxation took 32.1s
2024-10-01 16:22:59,112 rank_001_alphafold2_ptm_model_1_seed_000 pLDDT=96.8 pTM=0.93
2024-10-01 16:22:59,785 Done
