2024-10-01 01:17:30,594 Running colabfold 1.5.5 (4e198f5cecc6a808daa6baf7441899e5e76f7b9e)
2024-10-01 01:17:30,924 WARNING: no GPU detected, will be using CPU
2024-10-01 01:17:35,174 Found 6 citations for tools or databases
2024-10-01 01:17:35,174 Query 1/1: isoform (length 260)
2024-10-01 01:17:36,170 Sleeping for 10s. Reason: PENDING
2024-10-01 01:17:46,933 Sleeping for 10s. Reason: RUNNING
2024-10-01 01:17:57,667 Sleeping for 5s. Reason: RUNNING
2024-10-01 01:18:03,411 Sleeping for 9s. Reason: RUNNING
2024-10-01 01:18:13,294 Sleeping for 6s. Reason: RUNNING
2024-10-01 01:18:20,024 Sleeping for 9s. Reason: RUNNING
2024-10-01 01:18:34,430 Setting max_seq=512, max_extra_seq=5120
2024-10-01 01:23:30,086 alphafold2_ptm_model_1_seed_000 recycle=0 pLDDT=94.4 pTM=0.918
2024-10-01 01:27:56,718 alphafold2_ptm_model_1_seed_000 recycle=1 pLDDT=96.2 pTM=0.928 tol=0.864
2024-10-01 01:32:23,041 alphafold2_ptm_model_1_seed_000 recycle=2 pLDDT=96.6 pTM=0.93 tol=0.148
2024-10-01 01:36:48,867 alphafold2_ptm_model_1_seed_000 recycle=3 pLDDT=96.8 pTM=0.931 tol=0.0446
2024-10-01 01:36:48,868 alphafold2_ptm_model_1_seed_000 took 1073.9s (3 recycles)
2024-10-01 01:36:48,943 reranking models by 'plddt' metric
2024-10-01 01:36:52,432 Warning: importing 'simtk.openmm' is deprecated.  Import 'openmm' instead.
2024-10-01 01:37:20,736 Relaxation took 31.8s
2024-10-01 01:37:20,736 rank_001_alphafold2_ptm_model_1_seed_000 pLDDT=96.8 pTM=0.931
2024-10-01 01:37:21,335 Done
